<?xml version="1.0" encoding="UTF-8"?>
<!-- Generated by org.testng.reporters.JUnitXMLReporter -->
<testsuite hostname="ESS17001DXB0504" ignored="0" name="Command line test" tests="4" failures="0" timestamp="20 May 2018 09:59:48 GMT" time="53.746" errors="0">
  <testcase name="verifyHomePageTitleTest" time="0.016" classname="com.crm.qa.testcases.HomePageTest"/>
  <testcase name="loginPageTitleTest" time="0.034" classname="com.crm.qa.testcases.LoginPageTest"/>
  <testcase name="crmLogoImageTest" time="0.083" classname="com.crm.qa.testcases.LoginPageTest"/>
  <testcase name="loginTest" time="5.63" classname="com.crm.qa.testcases.LoginPageTest"/>
</testsuite> <!-- Command line test -->
