<?xml version="1.0" encoding="UTF-8"?>
<testng-results skipped="0" failed="0" ignored="0" total="4" passed="4">
  <reporter-output>
  </reporter-output>
  <suite name="Command line suite" duration-ms="53746" started-at="2018-05-20T09:58:54Z" finished-at="2018-05-20T09:59:48Z">
    <groups>
    </groups>
    <test name="Command line test" duration-ms="53746" started-at="2018-05-20T09:58:54Z" finished-at="2018-05-20T09:59:48Z">
      <class name="com.crm.qa.testcases.HomePageTest">
        <test-method status="PASS" signature="setUp()[pri:0, instance:com.crm.qa.testcases.HomePageTest@36f6e879]" name="setUp" is-config="true" duration-ms="16427" started-at="2018-05-20T13:58:54Z" finished-at="2018-05-20T13:59:11Z">
          <reporter-output>
          </reporter-output>
        </test-method> <!-- setUp -->
        <test-method status="PASS" signature="verifyHomePageTitleTest()[pri:1, instance:com.crm.qa.testcases.HomePageTest@36f6e879]" name="verifyHomePageTitleTest" duration-ms="16" started-at="2018-05-20T13:59:11Z" finished-at="2018-05-20T13:59:11Z">
          <reporter-output>
          </reporter-output>
        </test-method> <!-- verifyHomePageTitleTest -->
        <test-method status="PASS" signature="tearDown()[pri:0, instance:com.crm.qa.testcases.HomePageTest@36f6e879]" name="tearDown" is-config="true" duration-ms="647" started-at="2018-05-20T13:59:11Z" finished-at="2018-05-20T13:59:11Z">
          <reporter-output>
          </reporter-output>
        </test-method> <!-- tearDown -->
      </class> <!-- com.crm.qa.testcases.HomePageTest -->
      <class name="com.crm.qa.testcases.LoginPageTest">
        <test-method status="PASS" signature="setUp()[pri:0, instance:com.crm.qa.testcases.LoginPageTest@5a61f5df]" name="setUp" is-config="true" duration-ms="9290" started-at="2018-05-20T13:59:11Z" finished-at="2018-05-20T13:59:20Z">
          <reporter-output>
          </reporter-output>
        </test-method> <!-- setUp -->
        <test-method status="PASS" signature="loginPageTitleTest()[pri:1, instance:com.crm.qa.testcases.LoginPageTest@5a61f5df]" name="loginPageTitleTest" duration-ms="34" started-at="2018-05-20T13:59:20Z" finished-at="2018-05-20T13:59:21Z">
          <reporter-output>
          </reporter-output>
        </test-method> <!-- loginPageTitleTest -->
        <test-method status="PASS" signature="tearDown()[pri:0, instance:com.crm.qa.testcases.LoginPageTest@5a61f5df]" name="tearDown" is-config="true" duration-ms="633" started-at="2018-05-20T13:59:21Z" finished-at="2018-05-20T13:59:21Z">
          <reporter-output>
          </reporter-output>
        </test-method> <!-- tearDown -->
        <test-method status="PASS" signature="setUp()[pri:0, instance:com.crm.qa.testcases.LoginPageTest@5a61f5df]" name="setUp" is-config="true" duration-ms="9569" started-at="2018-05-20T13:59:21Z" finished-at="2018-05-20T13:59:31Z">
          <reporter-output>
          </reporter-output>
        </test-method> <!-- setUp -->
        <test-method status="PASS" signature="crmLogoImageTest()[pri:2, instance:com.crm.qa.testcases.LoginPageTest@5a61f5df]" name="crmLogoImageTest" duration-ms="83" started-at="2018-05-20T13:59:31Z" finished-at="2018-05-20T13:59:31Z">
          <reporter-output>
          </reporter-output>
        </test-method> <!-- crmLogoImageTest -->
        <test-method status="PASS" signature="tearDown()[pri:0, instance:com.crm.qa.testcases.LoginPageTest@5a61f5df]" name="tearDown" is-config="true" duration-ms="605" started-at="2018-05-20T13:59:31Z" finished-at="2018-05-20T13:59:31Z">
          <reporter-output>
          </reporter-output>
        </test-method> <!-- tearDown -->
        <test-method status="PASS" signature="setUp()[pri:0, instance:com.crm.qa.testcases.LoginPageTest@5a61f5df]" name="setUp" is-config="true" duration-ms="10153" started-at="2018-05-20T13:59:31Z" finished-at="2018-05-20T13:59:42Z">
          <reporter-output>
          </reporter-output>
        </test-method> <!-- setUp -->
        <test-method status="PASS" signature="loginTest()[pri:3, instance:com.crm.qa.testcases.LoginPageTest@5a61f5df]" name="loginTest" duration-ms="5630" started-at="2018-05-20T13:59:42Z" finished-at="2018-05-20T13:59:47Z">
          <reporter-output>
          </reporter-output>
        </test-method> <!-- loginTest -->
        <test-method status="PASS" signature="tearDown()[pri:0, instance:com.crm.qa.testcases.LoginPageTest@5a61f5df]" name="tearDown" is-config="true" duration-ms="633" started-at="2018-05-20T13:59:47Z" finished-at="2018-05-20T13:59:48Z">
          <reporter-output>
          </reporter-output>
        </test-method> <!-- tearDown -->
      </class> <!-- com.crm.qa.testcases.LoginPageTest -->
    </test> <!-- Command line test -->
  </suite> <!-- Command line suite -->
</testng-results>
