<?xml version="1.0" encoding="UTF-8"?>
<testng-results skipped="0" failed="0" ignored="0" total="1" passed="1">
  <reporter-output>
  </reporter-output>
  <suite name="Default suite" duration-ms="19795" started-at="2018-05-20T07:17:31Z" finished-at="2018-05-20T07:17:51Z">
    <groups>
    </groups>
    <test name="Default test" duration-ms="19795" started-at="2018-05-20T07:17:31Z" finished-at="2018-05-20T07:17:51Z">
      <class name="com.crm.qa.testcases.LoginPageTest">
        <test-method status="PASS" signature="setUp()[pri:0, instance:com.crm.qa.testcases.LoginPageTest@3abbfa04]" name="setUp" is-config="true" duration-ms="12300" started-at="2018-05-20T11:17:31Z" finished-at="2018-05-20T11:17:44Z">
          <reporter-output>
          </reporter-output>
        </test-method> <!-- setUp -->
        <test-method status="PASS" signature="loginTest()[pri:3, instance:com.crm.qa.testcases.LoginPageTest@3abbfa04]" name="loginTest" duration-ms="7459" started-at="2018-05-20T11:17:44Z" finished-at="2018-05-20T11:17:51Z">
          <reporter-output>
          </reporter-output>
        </test-method> <!-- loginTest -->
      </class> <!-- com.crm.qa.testcases.LoginPageTest -->
    </test> <!-- Default test -->
  </suite> <!-- Default suite -->
</testng-results>
